<?xml version="1.0" encoding="UTF-8"?>
<!-- Generated by org.testng.reporters.JUnitReportReporter -->
<testsuite hostname="LAPTOP-QS6OB0P6" name="TC006_Validating_JSONResponse" tests="1" failures="0" timestamp="5 Aug 2022 07:28:12 GMT" time="4.199" errors="0">
  <testcase name="validatingJSONResponse" time="4.199" classname="TC006_Validating_JSONResponse"/>
</testsuite> <!-- TC006_Validating_JSONResponse -->
