<?xml version="1.0" encoding="UTF-8"?>
<!-- Generated by org.testng.reporters.JUnitReportReporter -->
<testsuite hostname="LAPTOP-QS6OB0P6" name="TC004_GET_Request_Header" tests="1" failures="0" timestamp="5 Aug 2022 01:02:09 GMT" time="2.754" errors="0">
  <testcase name="getHeader" time="2.754" classname="TC004_GET_Request_Header"/>
</testsuite> <!-- TC004_GET_Request_Header -->
