<?xml version="1.0" encoding="UTF-8"?>
<!-- Generated by org.testng.reporters.JUnitReportReporter -->
<testsuite hostname="LAPTOP-QS6OB0P6" name="TC005_GET_Request_AllHeaders" tests="5" failures="0" timestamp="5 Aug 2022 06:01:47 GMT" time="3.837" errors="0">
  <testcase name="getAllHeaders" time="0.281" classname="TC005_GET_Request_AllHeaders"/>
  <testcase name="getAllHeaders" time="0.307" classname="TC005_GET_Request_AllHeaders"/>
  <testcase name="getAllHeaders" time="0.307" classname="TC005_GET_Request_AllHeaders"/>
  <testcase name="getAllHeaders" time="0.309" classname="TC005_GET_Request_AllHeaders"/>
  <testcase name="getAllHeaders" time="2.633" classname="TC005_GET_Request_AllHeaders"/>
</testsuite> <!-- TC005_GET_Request_AllHeaders -->
