<?xml version="1.0" encoding="UTF-8"?>
<!-- Generated by org.testng.reporters.JUnitReportReporter -->
<testsuite hostname="LAPTOP-QS6OB0P6" name="TC002_GET_Request" tests="1" failures="0" timestamp="4 Aug 2022 09:16:23 GMT" time="3.125" errors="0">
  <testcase name="getEmployeeDetail" time="3.125" classname="TC002_GET_Request"/>
</testsuite> <!-- TC002_GET_Request -->
