<?xml version="1.0" encoding="UTF-8"?>
<!-- Generated by org.testng.reporters.JUnitReportReporter -->
<testsuite hostname="LAPTOP-QS6OB0P6" name="TC001_GET_Request" tests="1" failures="0" timestamp="8 Aug 2022 00:45:30 GMT" time="3.382" errors="0">
  <testcase name="getEmployeesDetails" time="3.382" classname="TC001_GET_Request"/>
</testsuite> <!-- TC001_GET_Request -->
